<?xml version="1.0" encoding="UTF-8"?>
<coverage generated="1685377459795" clover="3.2.0">
  <project timestamp="1685377459795" name="All files">
    <metrics statements="23" coveredstatements="22" conditionals="10" coveredconditionals="9" methods="8" coveredmethods="7" elements="41" coveredelements="38" complexity="0" loc="23" ncloc="23" packages="1" files="1" classes="1"/>
    <file name="scorecard.js" path="/Users/jackskates/Documents/bowling-challenge/scorecard.js">
      <metrics statements="23" coveredstatements="22" conditionals="10" coveredconditionals="9" methods="8" coveredmethods="7"/>
      <line num="3" count="7" type="stmt"/>
      <line num="4" count="7" type="stmt"/>
      <line num="8" count="18" type="stmt"/>
      <line num="9" count="18" type="cond" truecount="1" falsecount="1"/>
      <line num="10" count="0" type="stmt"/>
      <line num="11" count="18" type="cond" truecount="2" falsecount="0"/>
      <line num="12" count="6" type="stmt"/>
      <line num="13" count="12" type="cond" truecount="2" falsecount="0"/>
      <line num="14" count="3" type="stmt"/>
      <line num="15" count="9" type="cond" truecount="2" falsecount="0"/>
      <line num="16" count="3" type="stmt"/>
      <line num="18" count="6" type="stmt"/>
      <line num="27" count="7" type="cond" truecount="2" falsecount="0"/>
      <line num="28" count="30" type="stmt"/>
      <line num="29" count="6" type="stmt"/>
      <line num="37" count="3" type="stmt"/>
      <line num="38" count="3" type="stmt"/>
      <line num="39" count="3" type="stmt"/>
      <line num="40" count="3" type="stmt"/>
      <line num="44" count="3" type="stmt"/>
      <line num="45" count="3" type="stmt"/>
      <line num="46" count="3" type="stmt"/>
      <line num="51" count="1" type="stmt"/>
    </file>
  </project>
</coverage>
