<?xml version="1.0" encoding="UTF-8"?>
<coverage generated="1685377230044" clover="3.2.0">
  <project timestamp="1685377230044" name="All files">
    <metrics statements="21" coveredstatements="20" conditionals="10" coveredconditionals="9" methods="6" coveredmethods="5" elements="37" coveredelements="34" complexity="0" loc="21" ncloc="21" packages="1" files="1" classes="1"/>
    <file name="scorecard.js" path="/Users/jackskates/Documents/bowling-challenge/scorecard.js">
      <metrics statements="21" coveredstatements="20" conditionals="10" coveredconditionals="9" methods="6" coveredmethods="5"/>
      <line num="3" count="7" type="stmt"/>
      <line num="4" count="7" type="stmt"/>
      <line num="8" count="18" type="stmt"/>
      <line num="9" count="18" type="cond" truecount="1" falsecount="1"/>
      <line num="10" count="0" type="stmt"/>
      <line num="11" count="18" type="cond" truecount="2" falsecount="0"/>
      <line num="12" count="6" type="stmt"/>
      <line num="13" count="12" type="cond" truecount="2" falsecount="0"/>
      <line num="14" count="3" type="stmt"/>
      <line num="15" count="3" type="stmt"/>
      <line num="16" count="3" type="stmt"/>
      <line num="17" count="3" type="stmt"/>
      <line num="18" count="9" type="cond" truecount="2" falsecount="0"/>
      <line num="19" count="3" type="stmt"/>
      <line num="20" count="3" type="stmt"/>
      <line num="21" count="3" type="stmt"/>
      <line num="23" count="6" type="stmt"/>
      <line num="32" count="7" type="cond" truecount="2" falsecount="0"/>
      <line num="33" count="30" type="stmt"/>
      <line num="34" count="6" type="stmt"/>
      <line num="43" count="1" type="stmt"/>
    </file>
  </project>
</coverage>
