{"/Users/jackskates/Documents/bowling-challenge/scorecard.js": {"path":"/Users/jackskates/Documents/bowling-challenge/scorecard.js","statementMap":{"0":{"start":{"line":3,"column":4},"end":{"line":3,"column":21}},"1":{"start":{"line":4,"column":4},"end":{"line":4,"column":20}},"2":{"start":{"line":8,"column":4},"end":{"line":8,"column":20}},"3":{"start":{"line":9,"column":4},"end":{"line":19,"column":5}},"4":{"start":{"line":10,"column":6},"end":{"line":10,"column":44}},"5":{"start":{"line":11,"column":11},"end":{"line":19,"column":5}},"6":{"start":{"line":12,"column":6},"end":{"line":12,"column":45}},"7":{"start":{"line":13,"column":11},"end":{"line":19,"column":5}},"8":{"start":{"line":14,"column":6},"end":{"line":14,"column":43}},"9":{"start":{"line":15,"column":11},"end":{"line":19,"column":5}},"10":{"start":{"line":15,"column":77},"end":{"line":15,"column":91}},"11":{"start":{"line":16,"column":6},"end":{"line":16,"column":42}},"12":{"start":{"line":18,"column":6},"end":{"line":18,"column":45}},"13":{"start":{"line":27,"column":4},"end":{"line":27,"column":42}},"14":{"start":{"line":27,"column":33},"end":{"line":27,"column":42}},"15":{"start":{"line":28,"column":17},"end":{"line":28,"column":77}},"16":{"start":{"line":28,"column":62},"end":{"line":28,"column":76}},"17":{"start":{"line":29,"column":4},"end":{"line":29,"column":18}},"18":{"start":{"line":37,"column":14},"end":{"line":37,"column":33}},"19":{"start":{"line":38,"column":20},"end":{"line":38,"column":58}},"20":{"start":{"line":39,"column":4},"end":{"line":39,"column":60}},"21":{"start":{"line":40,"column":4},"end":{"line":40,"column":43}},"22":{"start":{"line":44,"column":20},"end":{"line":44,"column":58}},"23":{"start":{"line":45,"column":4},"end":{"line":45,"column":65}},"24":{"start":{"line":46,"column":4},"end":{"line":46,"column":43}},"25":{"start":{"line":51,"column":0},"end":{"line":51,"column":26}}},"fnMap":{"0":{"name":"(anonymous_0)","decl":{"start":{"line":2,"column":2},"end":{"line":2,"column":3}},"loc":{"start":{"line":2,"column":16},"end":{"line":5,"column":3}},"line":2},"1":{"name":"(anonymous_1)","decl":{"start":{"line":7,"column":2},"end":{"line":7,"column":3}},"loc":{"start":{"line":7,"column":31},"end":{"line":24,"column":3}},"line":7},"2":{"name":"(anonymous_2)","decl":{"start":{"line":15,"column":58},"end":{"line":15,"column":59}},"loc":{"start":{"line":15,"column":77},"end":{"line":15,"column":91}},"line":15},"3":{"name":"(anonymous_3)","decl":{"start":{"line":26,"column":2},"end":{"line":26,"column":3}},"loc":{"start":{"line":26,"column":19},"end":{"line":30,"column":3}},"line":26},"4":{"name":"(anonymous_4)","decl":{"start":{"line":28,"column":43},"end":{"line":28,"column":44}},"loc":{"start":{"line":28,"column":62},"end":{"line":28,"column":76}},"line":28},"5":{"name":"(anonymous_5)","decl":{"start":{"line":32,"column":2},"end":{"line":32,"column":3}},"loc":{"start":{"line":32,"column":33},"end":{"line":34,"column":3}},"line":32},"6":{"name":"(anonymous_6)","decl":{"start":{"line":36,"column":2},"end":{"line":36,"column":3}},"loc":{"start":{"line":36,"column":34},"end":{"line":41,"column":3}},"line":36},"7":{"name":"(anonymous_7)","decl":{"start":{"line":43,"column":2},"end":{"line":43,"column":3}},"loc":{"start":{"line":43,"column":33},"end":{"line":47,"column":3}},"line":43}},"branchMap":{"0":{"loc":{"start":{"line":9,"column":4},"end":{"line":19,"column":5}},"type":"if","locations":[{"start":{"line":9,"column":4},"end":{"line":19,"column":5}},{"start":{"line":11,"column":11},"end":{"line":19,"column":5}}],"line":9},"1":{"loc":{"start":{"line":11,"column":11},"end":{"line":19,"column":5}},"type":"if","locations":[{"start":{"line":11,"column":11},"end":{"line":19,"column":5}},{"start":{"line":13,"column":11},"end":{"line":19,"column":5}}],"line":11},"2":{"loc":{"start":{"line":13,"column":11},"end":{"line":19,"column":5}},"type":"if","locations":[{"start":{"line":13,"column":11},"end":{"line":19,"column":5}},{"start":{"line":15,"column":11},"end":{"line":19,"column":5}}],"line":13},"3":{"loc":{"start":{"line":15,"column":11},"end":{"line":19,"column":5}},"type":"if","locations":[{"start":{"line":15,"column":11},"end":{"line":19,"column":5}},{"start":{"line":17,"column":11},"end":{"line":19,"column":5}}],"line":15},"4":{"loc":{"start":{"line":27,"column":4},"end":{"line":27,"column":42}},"type":"if","locations":[{"start":{"line":27,"column":4},"end":{"line":27,"column":42}},{"start":{},"end":{}}],"line":27}},"s":{"0":7,"1":7,"2":18,"3":18,"4":0,"5":18,"6":6,"7":12,"8":3,"9":9,"10":9,"11":3,"12":6,"13":7,"14":1,"15":6,"16":30,"17":6,"18":3,"19":3,"20":3,"21":3,"22":3,"23":3,"24":3,"25":1},"f":{"0":7,"1":18,"2":9,"3":7,"4":30,"5":0,"6":3,"7":3},"b":{"0":[0,18],"1":[6,12],"2":[3,9],"3":[3,6],"4":[1,6]},"_coverageSchema":"1a1c01bbd47fc00a2c39e90264f33305004495a9","hash":"426f8bce18580bada89225c414bd0600591cd1ff"}
}
