{"/Users/jackskates/Documents/bowling-challenge/scorecard.js": {"path":"/Users/jackskates/Documents/bowling-challenge/scorecard.js","statementMap":{"0":{"start":{"line":3,"column":4},"end":{"line":3,"column":21}},"1":{"start":{"line":4,"column":4},"end":{"line":4,"column":20}},"2":{"start":{"line":8,"column":4},"end":{"line":8,"column":20}},"3":{"start":{"line":9,"column":4},"end":{"line":24,"column":5}},"4":{"start":{"line":10,"column":6},"end":{"line":10,"column":44}},"5":{"start":{"line":11,"column":11},"end":{"line":24,"column":5}},"6":{"start":{"line":12,"column":6},"end":{"line":12,"column":45}},"7":{"start":{"line":13,"column":11},"end":{"line":24,"column":5}},"8":{"start":{"line":14,"column":16},"end":{"line":14,"column":35}},"9":{"start":{"line":15,"column":22},"end":{"line":15,"column":60}},"10":{"start":{"line":16,"column":6},"end":{"line":16,"column":62}},"11":{"start":{"line":17,"column":6},"end":{"line":17,"column":45}},"12":{"start":{"line":18,"column":11},"end":{"line":24,"column":5}},"13":{"start":{"line":18,"column":77},"end":{"line":18,"column":91}},"14":{"start":{"line":19,"column":22},"end":{"line":19,"column":60}},"15":{"start":{"line":20,"column":6},"end":{"line":20,"column":67}},"16":{"start":{"line":21,"column":6},"end":{"line":21,"column":45}},"17":{"start":{"line":23,"column":6},"end":{"line":23,"column":45}},"18":{"start":{"line":32,"column":4},"end":{"line":32,"column":42}},"19":{"start":{"line":32,"column":33},"end":{"line":32,"column":42}},"20":{"start":{"line":33,"column":17},"end":{"line":33,"column":77}},"21":{"start":{"line":33,"column":62},"end":{"line":33,"column":76}},"22":{"start":{"line":34,"column":4},"end":{"line":34,"column":18}},"23":{"start":{"line":43,"column":0},"end":{"line":43,"column":26}}},"fnMap":{"0":{"name":"(anonymous_0)","decl":{"start":{"line":2,"column":2},"end":{"line":2,"column":3}},"loc":{"start":{"line":2,"column":16},"end":{"line":5,"column":3}},"line":2},"1":{"name":"(anonymous_1)","decl":{"start":{"line":7,"column":2},"end":{"line":7,"column":3}},"loc":{"start":{"line":7,"column":31},"end":{"line":29,"column":3}},"line":7},"2":{"name":"(anonymous_2)","decl":{"start":{"line":18,"column":58},"end":{"line":18,"column":59}},"loc":{"start":{"line":18,"column":77},"end":{"line":18,"column":91}},"line":18},"3":{"name":"(anonymous_3)","decl":{"start":{"line":31,"column":2},"end":{"line":31,"column":3}},"loc":{"start":{"line":31,"column":19},"end":{"line":35,"column":3}},"line":31},"4":{"name":"(anonymous_4)","decl":{"start":{"line":33,"column":43},"end":{"line":33,"column":44}},"loc":{"start":{"line":33,"column":62},"end":{"line":33,"column":76}},"line":33},"5":{"name":"(anonymous_5)","decl":{"start":{"line":37,"column":2},"end":{"line":37,"column":3}},"loc":{"start":{"line":37,"column":33},"end":{"line":39,"column":3}},"line":37}},"branchMap":{"0":{"loc":{"start":{"line":9,"column":4},"end":{"line":24,"column":5}},"type":"if","locations":[{"start":{"line":9,"column":4},"end":{"line":24,"column":5}},{"start":{"line":11,"column":11},"end":{"line":24,"column":5}}],"line":9},"1":{"loc":{"start":{"line":11,"column":11},"end":{"line":24,"column":5}},"type":"if","locations":[{"start":{"line":11,"column":11},"end":{"line":24,"column":5}},{"start":{"line":13,"column":11},"end":{"line":24,"column":5}}],"line":11},"2":{"loc":{"start":{"line":13,"column":11},"end":{"line":24,"column":5}},"type":"if","locations":[{"start":{"line":13,"column":11},"end":{"line":24,"column":5}},{"start":{"line":18,"column":11},"end":{"line":24,"column":5}}],"line":13},"3":{"loc":{"start":{"line":18,"column":11},"end":{"line":24,"column":5}},"type":"if","locations":[{"start":{"line":18,"column":11},"end":{"line":24,"column":5}},{"start":{"line":22,"column":11},"end":{"line":24,"column":5}}],"line":18},"4":{"loc":{"start":{"line":32,"column":4},"end":{"line":32,"column":42}},"type":"if","locations":[{"start":{"line":32,"column":4},"end":{"line":32,"column":42}},{"start":{},"end":{}}],"line":32}},"s":{"0":7,"1":7,"2":18,"3":18,"4":0,"5":18,"6":6,"7":12,"8":3,"9":3,"10":3,"11":3,"12":9,"13":9,"14":3,"15":3,"16":3,"17":6,"18":7,"19":1,"20":6,"21":30,"22":6,"23":1},"f":{"0":7,"1":18,"2":9,"3":7,"4":30,"5":0},"b":{"0":[0,18],"1":[6,12],"2":[3,9],"3":[3,6],"4":[1,6]},"_coverageSchema":"1a1c01bbd47fc00a2c39e90264f33305004495a9","hash":"e4829272c447d056cf26e68ca872d2d478f8fed5"}
}
