TN:
SF:scorecard.js
FN:2,(anonymous_0)
FN:7,(anonymous_1)
FN:18,(anonymous_2)
FN:31,(anonymous_3)
FN:33,(anonymous_4)
FN:37,(anonymous_5)
FNF:6
FNH:5
FNDA:7,(anonymous_0)
FNDA:18,(anonymous_1)
FNDA:9,(anonymous_2)
FNDA:7,(anonymous_3)
FNDA:30,(anonymous_4)
FNDA:0,(anonymous_5)
DA:3,7
DA:4,7
DA:8,18
DA:9,18
DA:10,0
DA:11,18
DA:12,6
DA:13,12
DA:14,3
DA:15,3
DA:16,3
DA:17,3
DA:18,9
DA:19,3
DA:20,3
DA:21,3
DA:23,6
DA:32,7
DA:33,30
DA:34,6
DA:43,1
LF:21
LH:20
BRDA:9,0,0,0
BRDA:9,0,1,18
BRDA:11,1,0,6
BRDA:11,1,1,12
BRDA:13,2,0,3
BRDA:13,2,1,9
BRDA:18,3,0,3
BRDA:18,3,1,6
BRDA:32,4,0,1
BRDA:32,4,1,6
BRF:10
BRH:9
end_of_record
