TN:
SF:scorecard.js
FN:2,(anonymous_0)
FN:7,(anonymous_1)
FN:15,(anonymous_2)
FN:26,(anonymous_3)
FN:28,(anonymous_4)
FN:32,(anonymous_5)
FN:36,(anonymous_6)
FN:43,(anonymous_7)
FNF:8
FNH:7
FNDA:7,(anonymous_0)
FNDA:18,(anonymous_1)
FNDA:9,(anonymous_2)
FNDA:7,(anonymous_3)
FNDA:30,(anonymous_4)
FNDA:0,(anonymous_5)
FNDA:3,(anonymous_6)
FNDA:3,(anonymous_7)
DA:3,7
DA:4,7
DA:8,18
DA:9,18
DA:10,0
DA:11,18
DA:12,6
DA:13,12
DA:14,3
DA:15,9
DA:16,3
DA:18,6
DA:27,7
DA:28,30
DA:29,6
DA:37,3
DA:38,3
DA:39,3
DA:40,3
DA:44,3
DA:45,3
DA:46,3
DA:51,1
LF:23
LH:22
BRDA:9,0,0,0
BRDA:9,0,1,18
BRDA:11,1,0,6
BRDA:11,1,1,12
BRDA:13,2,0,3
BRDA:13,2,1,9
BRDA:15,3,0,3
BRDA:15,3,1,6
BRDA:27,4,0,1
BRDA:27,4,1,6
BRF:10
BRH:9
end_of_record
